This is XeTeX, Version 3.141592653-2.6-0.999995 (TeX Live 2023/nixos.org) (preloaded format=xelatex 1980.1.1)  26 OCT 2024 01:06
entering extended mode
 restricted \write18 enabled.
 %&-line parsing enabled.
**NewCVPiva.tex
(./NewCVPiva.tex
LaTeX2e <2023-11-01> patch level 1
L3 programming layer <2024-02-20>
(./awesome-cv.cls
Document Class: awesome-cv 2017/02/05 v1.6.1 Awesome Curriculum Vitae Class

(/nix/store/kyycrsgx7cs565ppsp2rhwgp9ifw1pb8-texlive-combined-full-2023-final-t
exmfdist/tex/latex/base/article.cls
Document Class: article 2023/05/17 v1.4n Standard LaTeX document class

(/nix/store/kyycrsgx7cs565ppsp2rhwgp9ifw1pb8-texlive-combined-full-2023-final-t
exmfdist/tex/latex/base/size11.clo
File: size11.clo 2023/05/17 v1.4n Standard LaTeX file (size option)
)
\c@part=\count184
\c@section=\count185
\c@subsection=\count186
\c@subsubsection=\count187
\c@paragraph=\count188
\c@subparagraph=\count189
\c@figure=\count190
\c@table=\count191
\abovecaptionskip=\skip48
\belowcaptionskip=\skip49
\bibindent=\dimen140
)
(/nix/store/kyycrsgx7cs565ppsp2rhwgp9ifw1pb8-texlive-combined-full-2023-final-t
exmfdist/tex/latex/xcolor/xcolor.sty
Package: xcolor 2023/11/15 v3.01 LaTeX color extensions (UK)

(/nix/store/kyycrsgx7cs565ppsp2rhwgp9ifw1pb8-texlive-combined-full-2023-final-t
exmfdist/tex/latex/graphics-cfg/color.cfg
File: color.cfg 2016/01/02 v1.6 sample color configuration
)
Package xcolor Info: Driver file: xetex.def on input line 274.

(/nix/store/kyycrsgx7cs565ppsp2rhwgp9ifw1pb8-texlive-combined-full-2023-final-t
exmfdist/tex/latex/graphics-def/xetex.def
File: xetex.def 2022/09/22 v5.0n Graphics/color driver for xetex
)
(/nix/store/kyycrsgx7cs565ppsp2rhwgp9ifw1pb8-texlive-combined-full-2023-final-t
exmfdist/tex/latex/graphics/mathcolor.ltx)
Package xcolor Info: Model `cmy' substituted by `cmy0' on input line 1350.
Package xcolor Info: Model `RGB' extended on input line 1366.
Package xcolor Info: Model `HTML' substituted by `rgb' on input line 1368.
Package xcolor Info: Model `Hsb' substituted by `hsb' on input line 1369.
Package xcolor Info: Model `tHsb' substituted by `hsb' on input line 1370.
Package xcolor Info: Model `HSB' substituted by `hsb' on input line 1371.
Package xcolor Info: Model `Gray' substituted by `gray' on input line 1372.
Package xcolor Info: Model `wave' substituted by `hsb' on input line 1373.
)
(/nix/store/kyycrsgx7cs565ppsp2rhwgp9ifw1pb8-texlive-combined-full-2023-final-t
exmfdist/tex/latex/tcolorbox/tcolorbox.sty
Package: tcolorbox 2024/01/10 version 6.2.0 text color boxes

(/nix/store/kyycrsgx7cs565ppsp2rhwgp9ifw1pb8-texlive-combined-full-2023-final-t
exmfdist/tex/latex/pgf/basiclayer/pgf.sty
(/nix/store/kyycrsgx7cs565ppsp2rhwgp9ifw1pb8-texlive-combined-full-2023-final-t
exmfdist/tex/latex/pgf/utilities/pgfrcs.sty
(/nix/store/kyycrsgx7cs565ppsp2rhwgp9ifw1pb8-texlive-combined-full-2023-final-t
exmfdist/tex/generic/pgf/utilities/pgfutil-common.tex
\pgfutil@everybye=\toks17
\pgfutil@tempdima=\dimen141
\pgfutil@tempdimb=\dimen142
)
(/nix/store/kyycrsgx7cs565ppsp2rhwgp9ifw1pb8-texlive-combined-full-2023-final-t
exmfdist/tex/generic/pgf/utilities/pgfutil-latex.def
\pgfutil@abb=\box51
)
(/nix/store/kyycrsgx7cs565ppsp2rhwgp9ifw1pb8-texlive-combined-full-2023-final-t
exmfdist/tex/generic/pgf/utilities/pgfrcs.code.tex
(/nix/store/kyycrsgx7cs565ppsp2rhwgp9ifw1pb8-texlive-combined-full-2023-final-t
exmfdist/tex/generic/pgf/pgf.revision.tex)
Package: pgfrcs 2023-01-15 v3.1.10 (3.1.10)
))
Package: pgf 2023-01-15 v3.1.10 (3.1.10)

(/nix/store/kyycrsgx7cs565ppsp2rhwgp9ifw1pb8-texlive-combined-full-2023-final-t
exmfdist/tex/latex/pgf/basiclayer/pgfcore.sty
(/nix/store/kyycrsgx7cs565ppsp2rhwgp9ifw1pb8-texlive-combined-full-2023-final-t
exmfdist/tex/latex/graphics/graphicx.sty
Package: graphicx 2021/09/16 v1.2d Enhanced LaTeX Graphics (DPC,SPQR)

(/nix/store/kyycrsgx7cs565ppsp2rhwgp9ifw1pb8-texlive-combined-full-2023-final-t
exmfdist/tex/latex/graphics/keyval.sty
Package: keyval 2022/05/29 v1.15 key=value parser (DPC)
\KV@toks@=\toks18
)
(/nix/store/kyycrsgx7cs565ppsp2rhwgp9ifw1pb8-texlive-combined-full-2023-final-t
exmfdist/tex/latex/graphics/graphics.sty
Package: graphics 2022/03/10 v1.4e Standard LaTeX Graphics (DPC,SPQR)

(/nix/store/kyycrsgx7cs565ppsp2rhwgp9ifw1pb8-texlive-combined-full-2023-final-t
exmfdist/tex/latex/graphics/trig.sty
Package: trig 2021/08/11 v1.11 sin cos tan (DPC)
)
(/nix/store/kyycrsgx7cs565ppsp2rhwgp9ifw1pb8-texlive-combined-full-2023-final-t
exmfdist/tex/latex/graphics-cfg/graphics.cfg
File: graphics.cfg 2016/06/04 v1.11 sample graphics configuration
)
Package graphics Info: Driver file: xetex.def on input line 107.
)
\Gin@req@height=\dimen143
\Gin@req@width=\dimen144
)
(/nix/store/kyycrsgx7cs565ppsp2rhwgp9ifw1pb8-texlive-combined-full-2023-final-t
exmfdist/tex/latex/pgf/systemlayer/pgfsys.sty
(/nix/store/kyycrsgx7cs565ppsp2rhwgp9ifw1pb8-texlive-combined-full-2023-final-t
exmfdist/tex/generic/pgf/systemlayer/pgfsys.code.tex
Package: pgfsys 2023-01-15 v3.1.10 (3.1.10)

(/nix/store/kyycrsgx7cs565ppsp2rhwgp9ifw1pb8-texlive-combined-full-2023-final-t
exmfdist/tex/generic/pgf/utilities/pgfkeys.code.tex
\pgfkeys@pathtoks=\toks19
\pgfkeys@temptoks=\toks20

(/nix/store/kyycrsgx7cs565ppsp2rhwgp9ifw1pb8-texlive-combined-full-2023-final-t
exmfdist/tex/generic/pgf/utilities/pgfkeyslibraryfiltered.code.tex
\pgfkeys@tmptoks=\toks21
))
\pgf@x=\dimen145
\pgf@y=\dimen146
\pgf@xa=\dimen147
\pgf@ya=\dimen148
\pgf@xb=\dimen149
\pgf@yb=\dimen150
\pgf@xc=\dimen151
\pgf@yc=\dimen152
\pgf@xd=\dimen153
\pgf@yd=\dimen154
\w@pgf@writea=\write3
\r@pgf@reada=\read2
\c@pgf@counta=\count192
\c@pgf@countb=\count193
\c@pgf@countc=\count194
\c@pgf@countd=\count195
\t@pgf@toka=\toks22
\t@pgf@tokb=\toks23
\t@pgf@tokc=\toks24
\pgf@sys@id@count=\count196

(/nix/store/kyycrsgx7cs565ppsp2rhwgp9ifw1pb8-texlive-combined-full-2023-final-t
exmfdist/tex/generic/pgf/systemlayer/pgf.cfg
File: pgf.cfg 2023-01-15 v3.1.10 (3.1.10)
)
Driver file for pgf: pgfsys-xetex.def

(/nix/store/kyycrsgx7cs565ppsp2rhwgp9ifw1pb8-texlive-combined-full-2023-final-t
exmfdist/tex/generic/pgf/systemlayer/pgfsys-xetex.def
File: pgfsys-xetex.def 2023-01-15 v3.1.10 (3.1.10)

(/nix/store/kyycrsgx7cs565ppsp2rhwgp9ifw1pb8-texlive-combined-full-2023-final-t
exmfdist/tex/generic/pgf/systemlayer/pgfsys-dvipdfmx.def
File: pgfsys-dvipdfmx.def 2023-01-15 v3.1.10 (3.1.10)

(/nix/store/kyycrsgx7cs565ppsp2rhwgp9ifw1pb8-texlive-combined-full-2023-final-t
exmfdist/tex/generic/pgf/systemlayer/pgfsys-common-pdf.def
File: pgfsys-common-pdf.def 2023-01-15 v3.1.10 (3.1.10)
)
\pgfsys@objnum=\count197
)))
(/nix/store/kyycrsgx7cs565ppsp2rhwgp9ifw1pb8-texlive-combined-full-2023-final-t
exmfdist/tex/generic/pgf/systemlayer/pgfsyssoftpath.code.tex
File: pgfsyssoftpath.code.tex 2023-01-15 v3.1.10 (3.1.10)
\pgfsyssoftpath@smallbuffer@items=\count198
\pgfsyssoftpath@bigbuffer@items=\count199
)
(/nix/store/kyycrsgx7cs565ppsp2rhwgp9ifw1pb8-texlive-combined-full-2023-final-t
exmfdist/tex/generic/pgf/systemlayer/pgfsysprotocol.code.tex
File: pgfsysprotocol.code.tex 2023-01-15 v3.1.10 (3.1.10)
))
(/nix/store/kyycrsgx7cs565ppsp2rhwgp9ifw1pb8-texlive-combined-full-2023-final-t
exmfdist/tex/generic/pgf/basiclayer/pgfcore.code.tex
Package: pgfcore 2023-01-15 v3.1.10 (3.1.10)

(/nix/store/kyycrsgx7cs565ppsp2rhwgp9ifw1pb8-texlive-combined-full-2023-final-t
exmfdist/tex/generic/pgf/math/pgfmath.code.tex
(/nix/store/kyycrsgx7cs565ppsp2rhwgp9ifw1pb8-texlive-combined-full-2023-final-t
exmfdist/tex/generic/pgf/math/pgfmathutil.code.tex)
(/nix/store/kyycrsgx7cs565ppsp2rhwgp9ifw1pb8-texlive-combined-full-2023-final-t
exmfdist/tex/generic/pgf/math/pgfmathparser.code.tex
\pgfmath@dimen=\dimen155
\pgfmath@count=\count266
\pgfmath@box=\box52
\pgfmath@toks=\toks25
\pgfmath@stack@operand=\toks26
\pgfmath@stack@operation=\toks27
)
(/nix/store/kyycrsgx7cs565ppsp2rhwgp9ifw1pb8-texlive-combined-full-2023-final-t
exmfdist/tex/generic/pgf/math/pgfmathfunctions.code.tex)
(/nix/store/kyycrsgx7cs565ppsp2rhwgp9ifw1pb8-texlive-combined-full-2023-final-t
exmfdist/tex/generic/pgf/math/pgfmathfunctions.basic.code.tex)
(/nix/store/kyycrsgx7cs565ppsp2rhwgp9ifw1pb8-texlive-combined-full-2023-final-t
exmfdist/tex/generic/pgf/math/pgfmathfunctions.trigonometric.code.tex)
(/nix/store/kyycrsgx7cs565ppsp2rhwgp9ifw1pb8-texlive-combined-full-2023-final-t
exmfdist/tex/generic/pgf/math/pgfmathfunctions.random.code.tex)
(/nix/store/kyycrsgx7cs565ppsp2rhwgp9ifw1pb8-texlive-combined-full-2023-final-t
exmfdist/tex/generic/pgf/math/pgfmathfunctions.comparison.code.tex)
(/nix/store/kyycrsgx7cs565ppsp2rhwgp9ifw1pb8-texlive-combined-full-2023-final-t
exmfdist/tex/generic/pgf/math/pgfmathfunctions.base.code.tex)
(/nix/store/kyycrsgx7cs565ppsp2rhwgp9ifw1pb8-texlive-combined-full-2023-final-t
exmfdist/tex/generic/pgf/math/pgfmathfunctions.round.code.tex)
(/nix/store/kyycrsgx7cs565ppsp2rhwgp9ifw1pb8-texlive-combined-full-2023-final-t
exmfdist/tex/generic/pgf/math/pgfmathfunctions.misc.code.tex)
(/nix/store/kyycrsgx7cs565ppsp2rhwgp9ifw1pb8-texlive-combined-full-2023-final-t
exmfdist/tex/generic/pgf/math/pgfmathfunctions.integerarithmetics.code.tex)
(/nix/store/kyycrsgx7cs565ppsp2rhwgp9ifw1pb8-texlive-combined-full-2023-final-t
exmfdist/tex/generic/pgf/math/pgfmathcalc.code.tex)
(/nix/store/kyycrsgx7cs565ppsp2rhwgp9ifw1pb8-texlive-combined-full-2023-final-t
exmfdist/tex/generic/pgf/math/pgfmathfloat.code.tex
\c@pgfmathroundto@lastzeros=\count267
))
(/nix/store/kyycrsgx7cs565ppsp2rhwgp9ifw1pb8-texlive-combined-full-2023-final-t
exmfdist/tex/generic/pgf/math/pgfint.code.tex)
(/nix/store/kyycrsgx7cs565ppsp2rhwgp9ifw1pb8-texlive-combined-full-2023-final-t
exmfdist/tex/generic/pgf/basiclayer/pgfcorepoints.code.tex
File: pgfcorepoints.code.tex 2023-01-15 v3.1.10 (3.1.10)
\pgf@picminx=\dimen156
\pgf@picmaxx=\dimen157
\pgf@picminy=\dimen158
\pgf@picmaxy=\dimen159
\pgf@pathminx=\dimen160
\pgf@pathmaxx=\dimen161
\pgf@pathminy=\dimen162
\pgf@pathmaxy=\dimen163
\pgf@xx=\dimen164
\pgf@xy=\dimen165
\pgf@yx=\dimen166
\pgf@yy=\dimen167
\pgf@zx=\dimen168
\pgf@zy=\dimen169
)
(/nix/store/kyycrsgx7cs565ppsp2rhwgp9ifw1pb8-texlive-combined-full-2023-final-t
exmfdist/tex/generic/pgf/basiclayer/pgfcorepathconstruct.code.tex
File: pgfcorepathconstruct.code.tex 2023-01-15 v3.1.10 (3.1.10)
\pgf@path@lastx=\dimen170
\pgf@path@lasty=\dimen171
)
(/nix/store/kyycrsgx7cs565ppsp2rhwgp9ifw1pb8-texlive-combined-full-2023-final-t
exmfdist/tex/generic/pgf/basiclayer/pgfcorepathusage.code.tex
File: pgfcorepathusage.code.tex 2023-01-15 v3.1.10 (3.1.10)
\pgf@shorten@end@additional=\dimen172
\pgf@shorten@start@additional=\dimen173
)
(/nix/store/kyycrsgx7cs565ppsp2rhwgp9ifw1pb8-texlive-combined-full-2023-final-t
exmfdist/tex/generic/pgf/basiclayer/pgfcorescopes.code.tex
File: pgfcorescopes.code.tex 2023-01-15 v3.1.10 (3.1.10)
\pgfpic=\box53
\pgf@hbox=\box54
\pgf@layerbox@main=\box55
\pgf@picture@serial@count=\count268
)
(/nix/store/kyycrsgx7cs565ppsp2rhwgp9ifw1pb8-texlive-combined-full-2023-final-t
exmfdist/tex/generic/pgf/basiclayer/pgfcoregraphicstate.code.tex
File: pgfcoregraphicstate.code.tex 2023-01-15 v3.1.10 (3.1.10)
\pgflinewidth=\dimen174
)
(/nix/store/kyycrsgx7cs565ppsp2rhwgp9ifw1pb8-texlive-combined-full-2023-final-t
exmfdist/tex/generic/pgf/basiclayer/pgfcoretransformations.code.tex
File: pgfcoretransformations.code.tex 2023-01-15 v3.1.10 (3.1.10)
\pgf@pt@x=\dimen175
\pgf@pt@y=\dimen176
\pgf@pt@temp=\dimen177
)
(/nix/store/kyycrsgx7cs565ppsp2rhwgp9ifw1pb8-texlive-combined-full-2023-final-t
exmfdist/tex/generic/pgf/basiclayer/pgfcorequick.code.tex
File: pgfcorequick.code.tex 2023-01-15 v3.1.10 (3.1.10)
)
(/nix/store/kyycrsgx7cs565ppsp2rhwgp9ifw1pb8-texlive-combined-full-2023-final-t
exmfdist/tex/generic/pgf/basiclayer/pgfcoreobjects.code.tex
File: pgfcoreobjects.code.tex 2023-01-15 v3.1.10 (3.1.10)
)
(/nix/store/kyycrsgx7cs565ppsp2rhwgp9ifw1pb8-texlive-combined-full-2023-final-t
exmfdist/tex/generic/pgf/basiclayer/pgfcorepathprocessing.code.tex
File: pgfcorepathprocessing.code.tex 2023-01-15 v3.1.10 (3.1.10)
)
(/nix/store/kyycrsgx7cs565ppsp2rhwgp9ifw1pb8-texlive-combined-full-2023-final-t
exmfdist/tex/generic/pgf/basiclayer/pgfcorearrows.code.tex
File: pgfcorearrows.code.tex 2023-01-15 v3.1.10 (3.1.10)
\pgfarrowsep=\dimen178
)
(/nix/store/kyycrsgx7cs565ppsp2rhwgp9ifw1pb8-texlive-combined-full-2023-final-t
exmfdist/tex/generic/pgf/basiclayer/pgfcoreshade.code.tex
File: pgfcoreshade.code.tex 2023-01-15 v3.1.10 (3.1.10)
\pgf@max=\dimen179
\pgf@sys@shading@range@num=\count269
\pgf@shadingcount=\count270
)
(/nix/store/kyycrsgx7cs565ppsp2rhwgp9ifw1pb8-texlive-combined-full-2023-final-t
exmfdist/tex/generic/pgf/basiclayer/pgfcoreimage.code.tex
File: pgfcoreimage.code.tex 2023-01-15 v3.1.10 (3.1.10)
)
(/nix/store/kyycrsgx7cs565ppsp2rhwgp9ifw1pb8-texlive-combined-full-2023-final-t
exmfdist/tex/generic/pgf/basiclayer/pgfcoreexternal.code.tex
File: pgfcoreexternal.code.tex 2023-01-15 v3.1.10 (3.1.10)
\pgfexternal@startupbox=\box56
)
(/nix/store/kyycrsgx7cs565ppsp2rhwgp9ifw1pb8-texlive-combined-full-2023-final-t
exmfdist/tex/generic/pgf/basiclayer/pgfcorelayers.code.tex
File: pgfcorelayers.code.tex 2023-01-15 v3.1.10 (3.1.10)
)
(/nix/store/kyycrsgx7cs565ppsp2rhwgp9ifw1pb8-texlive-combined-full-2023-final-t
exmfdist/tex/generic/pgf/basiclayer/pgfcoretransparency.code.tex
File: pgfcoretransparency.code.tex 2023-01-15 v3.1.10 (3.1.10)
)
(/nix/store/kyycrsgx7cs565ppsp2rhwgp9ifw1pb8-texlive-combined-full-2023-final-t
exmfdist/tex/generic/pgf/basiclayer/pgfcorepatterns.code.tex
File: pgfcorepatterns.code.tex 2023-01-15 v3.1.10 (3.1.10)
)
(/nix/store/kyycrsgx7cs565ppsp2rhwgp9ifw1pb8-texlive-combined-full-2023-final-t
exmfdist/tex/generic/pgf/basiclayer/pgfcorerdf.code.tex
File: pgfcorerdf.code.tex 2023-01-15 v3.1.10 (3.1.10)
)))
(/nix/store/kyycrsgx7cs565ppsp2rhwgp9ifw1pb8-texlive-combined-full-2023-final-t
exmfdist/tex/generic/pgf/modules/pgfmoduleshapes.code.tex
File: pgfmoduleshapes.code.tex 2023-01-15 v3.1.10 (3.1.10)
\pgfnodeparttextbox=\box57
)
(/nix/store/kyycrsgx7cs565ppsp2rhwgp9ifw1pb8-texlive-combined-full-2023-final-t
exmfdist/tex/generic/pgf/modules/pgfmoduleplot.code.tex
File: pgfmoduleplot.code.tex 2023-01-15 v3.1.10 (3.1.10)
)
(/nix/store/kyycrsgx7cs565ppsp2rhwgp9ifw1pb8-texlive-combined-full-2023-final-t
exmfdist/tex/latex/pgf/compatibility/pgfcomp-version-0-65.sty
Package: pgfcomp-version-0-65 2023-01-15 v3.1.10 (3.1.10)
\pgf@nodesepstart=\dimen180
\pgf@nodesepend=\dimen181
)
(/nix/store/kyycrsgx7cs565ppsp2rhwgp9ifw1pb8-texlive-combined-full-2023-final-t
exmfdist/tex/latex/pgf/compatibility/pgfcomp-version-1-18.sty
Package: pgfcomp-version-1-18 2023-01-15 v3.1.10 (3.1.10)
))
(/nix/store/kyycrsgx7cs565ppsp2rhwgp9ifw1pb8-texlive-combined-full-2023-final-t
exmfdist/tex/latex/tools/verbatim.sty
Package: verbatim 2023-11-06 v1.5v LaTeX2e package for verbatim enhancements
\every@verbatim=\toks28
\verbatim@line=\toks29
\verbatim@in@stream=\read3
)
(/nix/store/kyycrsgx7cs565ppsp2rhwgp9ifw1pb8-texlive-combined-full-2023-final-t
exmfdist/tex/latex/environ/environ.sty
Package: environ 2014/05/04 v0.3 A new way to define environments

(/nix/store/kyycrsgx7cs565ppsp2rhwgp9ifw1pb8-texlive-combined-full-2023-final-t
exmfdist/tex/latex/trimspaces/trimspaces.sty
Package: trimspaces 2009/09/17 v1.1 Trim spaces around a token list
)
\@envbody=\toks30
)
(/nix/store/kyycrsgx7cs565ppsp2rhwgp9ifw1pb8-texlive-combined-full-2023-final-t
exmfdist/tex/latex/etoolbox/etoolbox.sty
Package: etoolbox 2020/10/05 v2.5k e-TeX tools for LaTeX (JAW)
\etb@tempcnta=\count271
)
\tcb@titlebox=\box58
\tcb@upperbox=\box59
\tcb@lowerbox=\box60
\tcb@phantombox=\box61
\c@tcbbreakpart=\count272
\c@tcblayer=\count273
\c@tcolorbox@number=\count274
\l__tcobox_tmpa_box=\box62
\l__tcobox_tmpa_dim=\dimen182
\tcb@temp=\box63
\tcb@temp=\box64
\tcb@temp=\box65
\tcb@temp=\box66
)
(/nix/store/kyycrsgx7cs565ppsp2rhwgp9ifw1pb8-texlive-combined-full-2023-final-t
exmfdist/tex/latex/tools/array.sty
Package: array 2023/10/16 v2.5g Tabular extension package (FMi)
\col@sep=\dimen183
\ar@mcellbox=\box67
\extrarowheight=\dimen184
\NC@list=\toks31
\extratabsurround=\skip50
\backup@length=\skip51
\ar@cellbox=\box68
)
(/nix/store/kyycrsgx7cs565ppsp2rhwgp9ifw1pb8-texlive-combined-full-2023-final-t
exmfdist/tex/latex/enumitem/enumitem.sty
Package: enumitem 2019/06/20 v3.9 Customized lists
\labelindent=\skip52
\enit@outerparindent=\dimen185
\enit@toks=\toks32
\enit@inbox=\box69
\enit@count@id=\count275
\enitdp@description=\count276
)
(/nix/store/kyycrsgx7cs565ppsp2rhwgp9ifw1pb8-texlive-combined-full-2023-final-t
exmfdist/tex/latex/ragged2e/ragged2e.sty
Package: ragged2e 2023/06/22 v3.6 ragged2e Package
\CenteringLeftskip=\skip53
\RaggedLeftLeftskip=\skip54
\RaggedRightLeftskip=\skip55
\CenteringRightskip=\skip56
\RaggedLeftRightskip=\skip57
\RaggedRightRightskip=\skip58
\CenteringParfillskip=\skip59
\RaggedLeftParfillskip=\skip60
\RaggedRightParfillskip=\skip61
\JustifyingParfillskip=\skip62
\CenteringParindent=\skip63
\RaggedLeftParindent=\skip64
\RaggedRightParindent=\skip65
\JustifyingParindent=\skip66
)
(/nix/store/kyycrsgx7cs565ppsp2rhwgp9ifw1pb8-texlive-combined-full-2023-final-t
exmfdist/tex/latex/geometry/geometry.sty
Package: geometry 2020/01/02 v5.9 Page Geometry

(/nix/store/kyycrsgx7cs565ppsp2rhwgp9ifw1pb8-texlive-combined-full-2023-final-t
exmfdist/tex/generic/iftex/ifvtex.sty
Package: ifvtex 2019/10/25 v1.7 ifvtex legacy package. Use iftex instead.

(/nix/store/kyycrsgx7cs565ppsp2rhwgp9ifw1pb8-texlive-combined-full-2023-final-t
exmfdist/tex/generic/iftex/iftex.sty
Package: iftex 2022/02/03 v1.0f TeX engine tests
))
\Gm@cnth=\count277
\Gm@cntv=\count278
\c@Gm@tempcnt=\count279
\Gm@bindingoffset=\dimen186
\Gm@wd@mp=\dimen187
\Gm@odd@mp=\dimen188
\Gm@even@mp=\dimen189
\Gm@layoutwidth=\dimen190
\Gm@layoutheight=\dimen191
\Gm@layouthoffset=\dimen192
\Gm@layoutvoffset=\dimen193
\Gm@dimlist=\toks33
)
(/nix/store/kyycrsgx7cs565ppsp2rhwgp9ifw1pb8-texlive-combined-full-2023-final-t
exmfdist/tex/latex/fancyhdr/fancyhdr.sty
Package: fancyhdr 2022/11/09 v4.1 Extensive control of page headers and footers

\f@nch@headwidth=\skip67
\f@nch@O@elh=\skip68
\f@nch@O@erh=\skip69
\f@nch@O@olh=\skip70
\f@nch@O@orh=\skip71
\f@nch@O@elf=\skip72
\f@nch@O@erf=\skip73
\f@nch@O@olf=\skip74
\f@nch@O@orf=\skip75
)
(/nix/store/kyycrsgx7cs565ppsp2rhwgp9ifw1pb8-texlive-combined-full-2023-final-t
exmfdist/tex/generic/iftex/ifxetex.sty
Package: ifxetex 2019/10/25 v0.7 ifxetex legacy package. Use iftex instead.
)
(/nix/store/kyycrsgx7cs565ppsp2rhwgp9ifw1pb8-texlive-combined-full-2023-final-t
exmfdist/tex/latex/xifthen/xifthen.sty
Package: xifthen 2015/11/05 v1.4.0 Extended ifthen features

(/nix/store/kyycrsgx7cs565ppsp2rhwgp9ifw1pb8-texlive-combined-full-2023-final-t
exmfdist/tex/latex/tools/calc.sty
Package: calc 2023/07/08 v4.3 Infix arithmetic (KKT,FJ)
\calc@Acount=\count280
\calc@Bcount=\count281
\calc@Adimen=\dimen194
\calc@Bdimen=\dimen195
\calc@Askip=\skip76
\calc@Bskip=\skip77
LaTeX Info: Redefining \setlength on input line 80.
LaTeX Info: Redefining \addtolength on input line 81.
\calc@Ccount=\count282
\calc@Cskip=\skip78
)
(/nix/store/kyycrsgx7cs565ppsp2rhwgp9ifw1pb8-texlive-combined-full-2023-final-t
exmfdist/tex/latex/base/ifthen.sty
Package: ifthen 2022/04/13 v1.1d Standard LaTeX ifthen package (DPC)
)
(/nix/store/kyycrsgx7cs565ppsp2rhwgp9ifw1pb8-texlive-combined-full-2023-final-t
exmfdist/tex/latex/ifmtarg/ifmtarg.sty
Package: ifmtarg 2018/04/16 v1.2b check for an empty argument
))
(/nix/store/kyycrsgx7cs565ppsp2rhwgp9ifw1pb8-texlive-combined-full-2023-final-t
exmfdist/tex/latex/setspace/setspace.sty
Package: setspace 2022/12/04 v6.7b set line spacing
)
(/nix/store/kyycrsgx7cs565ppsp2rhwgp9ifw1pb8-texlive-combined-full-2023-final-t
exmfdist/tex/latex/fontspec/fontspec.sty
(/nix/store/kyycrsgx7cs565ppsp2rhwgp9ifw1pb8-texlive-combined-full-2023-final-t
exmfdist/tex/latex/l3packages/xparse/xparse.sty
(/nix/store/kyycrsgx7cs565ppsp2rhwgp9ifw1pb8-texlive-combined-full-2023-final-t
exmfdist/tex/latex/l3kernel/expl3.sty
Package: expl3 2024-02-20 L3 programming layer (loader) 

(/nix/store/kyycrsgx7cs565ppsp2rhwgp9ifw1pb8-texlive-combined-full-2023-final-t
exmfdist/tex/latex/l3backend/l3backend-xetex.def
File: l3backend-xetex.def 2024-02-20 L3 backend support: XeTeX
\g__graphics_track_int=\count283
\l__pdf_internal_box=\box70
\g__pdf_backend_object_int=\count284
\g__pdf_backend_annotation_int=\count285
\g__pdf_backend_link_int=\count286
))
Package: xparse 2024-02-18 L3 Experimental document command parser
)
Package: fontspec 2024/02/13 v2.9a Font selection for XeLaTeX and LuaLaTeX

(/nix/store/kyycrsgx7cs565ppsp2rhwgp9ifw1pb8-texlive-combined-full-2023-final-t
exmfdist/tex/latex/fontspec/fontspec-xetex.sty
Package: fontspec-xetex 2024/02/13 v2.9a Font selection for XeLaTeX and LuaLaTe
X
\l__fontspec_script_int=\count287
\l__fontspec_language_int=\count288
\l__fontspec_strnum_int=\count289
\l__fontspec_tmp_int=\count290
\l__fontspec_tmpa_int=\count291
\l__fontspec_tmpb_int=\count292
\l__fontspec_tmpc_int=\count293
\l__fontspec_em_int=\count294
\l__fontspec_emdef_int=\count295
\l__fontspec_strong_int=\count296
\l__fontspec_strongdef_int=\count297
\l__fontspec_tmpa_dim=\dimen196
\l__fontspec_tmpb_dim=\dimen197
\l__fontspec_tmpc_dim=\dimen198

(/nix/store/kyycrsgx7cs565ppsp2rhwgp9ifw1pb8-texlive-combined-full-2023-final-t
exmfdist/tex/latex/base/fontenc.sty
Package: fontenc 2021/04/29 v2.0v Standard LaTeX package
)
(/nix/store/kyycrsgx7cs565ppsp2rhwgp9ifw1pb8-texlive-combined-full-2023-final-t
exmfdist/tex/latex/fontspec/fontspec.cfg)))
(/nix/store/kyycrsgx7cs565ppsp2rhwgp9ifw1pb8-texlive-combined-full-2023-final-t
exmfdist/tex/latex/unicode-math/unicode-math.sty
Package: unicode-math 2023/08/13 v0.8r Unicode maths in XeLaTeX and LuaLaTeX

(/nix/store/kyycrsgx7cs565ppsp2rhwgp9ifw1pb8-texlive-combined-full-2023-final-t
exmfdist/tex/latex/unicode-math/unicode-math-xetex.sty
Package: unicode-math-xetex 2023/08/13 v0.8r Unicode maths in XeLaTeX and LuaLa
TeX

(/nix/store/kyycrsgx7cs565ppsp2rhwgp9ifw1pb8-texlive-combined-full-2023-final-t
exmfdist/tex/latex/l3packages/l3keys2e/l3keys2e.sty
Package: l3keys2e 2024-02-18 LaTeX2e option processing using LaTeX3 keys
)
(/nix/store/kyycrsgx7cs565ppsp2rhwgp9ifw1pb8-texlive-combined-full-2023-final-t
exmfdist/tex/latex/base/fix-cm.sty
Package: fix-cm 2020/11/24 v1.1t fixes to LaTeX

(/nix/store/kyycrsgx7cs565ppsp2rhwgp9ifw1pb8-texlive-combined-full-2023-final-t
exmfdist/tex/latex/base/ts1enc.def
File: ts1enc.def 2001/06/05 v3.0e (jk/car/fm) Standard LaTeX file
LaTeX Font Info:    Redeclaring font encoding TS1 on input line 47.
))
(/nix/store/kyycrsgx7cs565ppsp2rhwgp9ifw1pb8-texlive-combined-full-2023-final-t
exmfdist/tex/latex/amsmath/amsmath.sty
Package: amsmath 2023/05/13 v2.17o AMS math features
\@mathmargin=\skip79

For additional information on amsmath, use the `?' option.

(/nix/store/kyycrsgx7cs565ppsp2rhwgp9ifw1pb8-texlive-combined-full-2023-final-t
exmfdist/tex/latex/amsmath/amstext.sty
Package: amstext 2021/08/26 v2.01 AMS text

(/nix/store/kyycrsgx7cs565ppsp2rhwgp9ifw1pb8-texlive-combined-full-2023-final-t
exmfdist/tex/latex/amsmath/amsgen.sty
File: amsgen.sty 1999/11/30 v2.0 generic functions
\@emptytoks=\toks34
\ex@=\dimen199
))
(/nix/store/kyycrsgx7cs565ppsp2rhwgp9ifw1pb8-texlive-combined-full-2023-final-t
exmfdist/tex/latex/amsmath/amsbsy.sty
Package: amsbsy 1999/11/29 v1.2d Bold Symbols
\pmbraise@=\dimen256
)
(/nix/store/kyycrsgx7cs565ppsp2rhwgp9ifw1pb8-texlive-combined-full-2023-final-t
exmfdist/tex/latex/amsmath/amsopn.sty
Package: amsopn 2022/04/08 v2.04 operator names
)
\inf@bad=\count298
LaTeX Info: Redefining \frac on input line 234.
\uproot@=\count299
\leftroot@=\count300
LaTeX Info: Redefining \overline on input line 399.
LaTeX Info: Redefining \colon on input line 410.
\classnum@=\count301
\DOTSCASE@=\count302
LaTeX Info: Redefining \ldots on input line 496.
LaTeX Info: Redefining \dots on input line 499.
LaTeX Info: Redefining \cdots on input line 620.
\Mathstrutbox@=\box71
\strutbox@=\box72
LaTeX Info: Redefining \big on input line 722.
LaTeX Info: Redefining \Big on input line 723.
LaTeX Info: Redefining \bigg on input line 724.
LaTeX Info: Redefining \Bigg on input line 725.
\big@size=\dimen257
LaTeX Font Info:    Redeclaring font encoding OML on input line 743.
LaTeX Font Info:    Redeclaring font encoding OMS on input line 744.
\macc@depth=\count303
LaTeX Info: Redefining \bmod on input line 905.
LaTeX Info: Redefining \pmod on input line 910.
LaTeX Info: Redefining \smash on input line 940.
LaTeX Info: Redefining \relbar on input line 970.
LaTeX Info: Redefining \Relbar on input line 971.
\c@MaxMatrixCols=\count304
\dotsspace@=\muskip16
\c@parentequation=\count305
\dspbrk@lvl=\count306
\tag@help=\toks35
\row@=\count307
\column@=\count308
\maxfields@=\count309
\andhelp@=\toks36
\eqnshift@=\dimen258
\alignsep@=\dimen259
\tagshift@=\dimen260
\tagwidth@=\dimen261
\totwidth@=\dimen262
\lineht@=\dimen263
\@envbody=\toks37
\multlinegap=\skip80
\multlinetaggap=\skip81
\mathdisplay@stack=\toks38
LaTeX Info: Redefining \[ on input line 2953.
LaTeX Info: Redefining \] on input line 2954.
)
\g__um_fam_int=\count310
\g__um_fonts_used_int=\count311
\l__um_primecount_int=\count312
\g__um_primekern_muskip=\muskip17

(/nix/store/kyycrsgx7cs565ppsp2rhwgp9ifw1pb8-texlive-combined-full-2023-final-t
exmfdist/tex/latex/unicode-math/unicode-math-table.tex))) (./fontawesome.sty
Package: fontawesome 2015/11/04 v4.4.0 font awesome icons
)
(/nix/store/kyycrsgx7cs565ppsp2rhwgp9ifw1pb8-texlive-combined-full-2023-final-t
exmfdist/tex/latex/parskip/parskip.sty
Package: parskip 2021-03-14 v2.0h non-zero parskip adjustments

(/nix/store/kyycrsgx7cs565ppsp2rhwgp9ifw1pb8-texlive-combined-full-2023-final-t
exmfdist/tex/latex/kvoptions/kvoptions.sty
Package: kvoptions 2022-06-15 v3.15 Key value format for package options (HO)

(/nix/store/kyycrsgx7cs565ppsp2rhwgp9ifw1pb8-texlive-combined-full-2023-final-t
exmfdist/tex/generic/ltxcmds/ltxcmds.sty
Package: ltxcmds 2023-12-04 v1.26 LaTeX kernel commands for general use (HO)
)
(/nix/store/kyycrsgx7cs565ppsp2rhwgp9ifw1pb8-texlive-combined-full-2023-final-t
exmfdist/tex/latex/kvsetkeys/kvsetkeys.sty
Package: kvsetkeys 2022-10-05 v1.19 Key value parser (HO)
)))
(/nix/store/kyycrsgx7cs565ppsp2rhwgp9ifw1pb8-texlive-combined-full-2023-final-t
exmfdist/tex/latex/hyperref/hyperref.sty
Package: hyperref 2024-01-20 v7.01h Hypertext links for LaTeX

(/nix/store/kyycrsgx7cs565ppsp2rhwgp9ifw1pb8-texlive-combined-full-2023-final-t
exmfdist/tex/generic/kvdefinekeys/kvdefinekeys.sty
Package: kvdefinekeys 2019-12-19 v1.6 Define keys (HO)
)
(/nix/store/kyycrsgx7cs565ppsp2rhwgp9ifw1pb8-texlive-combined-full-2023-final-t
exmfdist/tex/generic/pdfescape/pdfescape.sty
Package: pdfescape 2019/12/09 v1.15 Implements pdfTeX's escape features (HO)

(/nix/store/kyycrsgx7cs565ppsp2rhwgp9ifw1pb8-texlive-combined-full-2023-final-t
exmfdist/tex/generic/pdftexcmds/pdftexcmds.sty
Package: pdftexcmds 2020-06-27 v0.33 Utility functions of pdfTeX for LuaTeX (HO
)

(/nix/store/kyycrsgx7cs565ppsp2rhwgp9ifw1pb8-texlive-combined-full-2023-final-t
exmfdist/tex/generic/infwarerr/infwarerr.sty
Package: infwarerr 2019/12/03 v1.5 Providing info/warning/error messages (HO)
)
Package pdftexcmds Info: \pdf@primitive is available.
Package pdftexcmds Info: \pdf@ifprimitive is available.
Package pdftexcmds Info: \pdfdraftmode not found.
))
(/nix/store/kyycrsgx7cs565ppsp2rhwgp9ifw1pb8-texlive-combined-full-2023-final-t
exmfdist/tex/latex/hycolor/hycolor.sty
Package: hycolor 2020-01-27 v1.10 Color options for hyperref/bookmark (HO)
)
(/nix/store/kyycrsgx7cs565ppsp2rhwgp9ifw1pb8-texlive-combined-full-2023-final-t
exmfdist/tex/latex/auxhook/auxhook.sty
Package: auxhook 2019-12-17 v1.6 Hooks for auxiliary files (HO)
)
(/nix/store/kyycrsgx7cs565ppsp2rhwgp9ifw1pb8-texlive-combined-full-2023-final-t
exmfdist/tex/latex/hyperref/nameref.sty
Package: nameref 2023-11-26 v2.56 Cross-referencing by name of section

(/nix/store/kyycrsgx7cs565ppsp2rhwgp9ifw1pb8-texlive-combined-full-2023-final-t
exmfdist/tex/latex/refcount/refcount.sty
Package: refcount 2019/12/15 v3.6 Data extraction from label references (HO)
)
(/nix/store/kyycrsgx7cs565ppsp2rhwgp9ifw1pb8-texlive-combined-full-2023-final-t
exmfdist/tex/generic/gettitlestring/gettitlestring.sty
Package: gettitlestring 2019/12/15 v1.6 Cleanup title references (HO)
)
\c@section@level=\count313
)
\@linkdim=\dimen264
\Hy@linkcounter=\count314
\Hy@pagecounter=\count315

(/nix/store/kyycrsgx7cs565ppsp2rhwgp9ifw1pb8-texlive-combined-full-2023-final-t
exmfdist/tex/latex/hyperref/pd1enc.def
File: pd1enc.def 2024-01-20 v7.01h Hyperref: PDFDocEncoding definition (HO)
)
(/nix/store/kyycrsgx7cs565ppsp2rhwgp9ifw1pb8-texlive-combined-full-2023-final-t
exmfdist/tex/generic/intcalc/intcalc.sty
Package: intcalc 2019/12/15 v1.3 Expandable calculations with integers (HO)
)
\Hy@SavedSpaceFactor=\count316

(/nix/store/kyycrsgx7cs565ppsp2rhwgp9ifw1pb8-texlive-combined-full-2023-final-t
exmfdist/tex/latex/hyperref/puenc.def
File: puenc.def 2024-01-20 v7.01h Hyperref: PDF Unicode definition (HO)
)
Package hyperref Info: Hyper figures OFF on input line 4179.
Package hyperref Info: Link nesting OFF on input line 4184.
Package hyperref Info: Hyper index ON on input line 4187.
Package hyperref Info: Plain pages OFF on input line 4194.
Package hyperref Info: Backreferencing OFF on input line 4199.
Package hyperref Info: Implicit mode ON; LaTeX internals redefined.
Package hyperref Info: Bookmarks ON on input line 4446.
\c@Hy@tempcnt=\count317

(/nix/store/kyycrsgx7cs565ppsp2rhwgp9ifw1pb8-texlive-combined-full-2023-final-t
exmfdist/tex/latex/url/url.sty
\Urlmuskip=\muskip18
Package: url 2013/09/16  ver 3.4  Verb mode for urls, etc.
)
LaTeX Info: Redefining \url on input line 4784.
\XeTeXLinkMargin=\dimen265

(/nix/store/kyycrsgx7cs565ppsp2rhwgp9ifw1pb8-texlive-combined-full-2023-final-t
exmfdist/tex/generic/bitset/bitset.sty
Package: bitset 2019/12/09 v1.3 Handle bit-vector datatype (HO)

(/nix/store/kyycrsgx7cs565ppsp2rhwgp9ifw1pb8-texlive-combined-full-2023-final-t
exmfdist/tex/generic/bigintcalc/bigintcalc.sty
Package: bigintcalc 2019/12/15 v1.5 Expandable calculations on big integers (HO
)
))
\Fld@menulength=\count318
\Field@Width=\dimen266
\Fld@charsize=\dimen267
Package hyperref Info: Hyper figures OFF on input line 6063.
Package hyperref Info: Link nesting OFF on input line 6068.
Package hyperref Info: Hyper index ON on input line 6071.
Package hyperref Info: backreferencing OFF on input line 6078.
Package hyperref Info: Link coloring OFF on input line 6083.
Package hyperref Info: Link coloring with OCG OFF on input line 6088.
Package hyperref Info: PDF/A mode OFF on input line 6093.

(/nix/store/kyycrsgx7cs565ppsp2rhwgp9ifw1pb8-texlive-combined-full-2023-final-t
exmfdist/tex/latex/base/atbegshi-ltx.sty
Package: atbegshi-ltx 2021/01/10 v1.0c Emulation of the original atbegshi
package with kernel methods
)
\Hy@abspage=\count319
\c@Item=\count320
\c@Hfootnote=\count321
)
Package hyperref Info: Driver (autodetected): hxetex.

(/nix/store/kyycrsgx7cs565ppsp2rhwgp9ifw1pb8-texlive-combined-full-2023-final-t
exmfdist/tex/latex/hyperref/hxetex.def
File: hxetex.def 2024-01-20 v7.01h Hyperref driver for XeTeX

(/nix/store/kyycrsgx7cs565ppsp2rhwgp9ifw1pb8-texlive-combined-full-2023-final-t
exmfdist/tex/generic/stringenc/stringenc.sty
Package: stringenc 2019/11/29 v1.12 Convert strings between diff. encodings (HO
)
)
\pdfm@box=\box73
\c@Hy@AnnotLevel=\count322
\HyField@AnnotCount=\count323
\Fld@listcount=\count324
\c@bookmark@seq@number=\count325

(/nix/store/kyycrsgx7cs565ppsp2rhwgp9ifw1pb8-texlive-combined-full-2023-final-t
exmfdist/tex/latex/rerunfilecheck/rerunfilecheck.sty
Package: rerunfilecheck 2022-07-10 v1.10 Rerun checks for auxiliary files (HO)

(/nix/store/kyycrsgx7cs565ppsp2rhwgp9ifw1pb8-texlive-combined-full-2023-final-t
exmfdist/tex/latex/base/atveryend-ltx.sty
Package: atveryend-ltx 2020/08/19 v1.0a Emulation of the original atveryend pac
kage
with kernel methods
)
(/nix/store/kyycrsgx7cs565ppsp2rhwgp9ifw1pb8-texlive-combined-full-2023-final-t
exmfdist/tex/generic/uniquecounter/uniquecounter.sty
Package: uniquecounter 2019/12/15 v1.4 Provide unlimited unique counter (HO)
)
Package uniquecounter Info: New unique counter `rerunfilecheck' on input line 2
85.
)
\Hy@SectionHShift=\skip82
)
\c@colorCounter=\count326
) (./coloremoji.sty
Package: coloremoji 2021/01/24

(/nix/store/kyycrsgx7cs565ppsp2rhwgp9ifw1pb8-texlive-combined-full-2023-final-t
exmfdist/tex/generic/iftex/ifluatex.sty
Package: ifluatex 2019/10/25 v1.5 ifluatex legacy package. Use iftex instead.
)
(/nix/store/kyycrsgx7cs565ppsp2rhwgp9ifw1pb8-texlive-combined-full-2023-final-t
exmfdist/tex/latex/adjustbox/adjustbox.sty
Package: adjustbox 2022/10/17 v1.3a Adjusting TeX boxes (trim, clip, ...)

(/nix/store/kyycrsgx7cs565ppsp2rhwgp9ifw1pb8-texlive-combined-full-2023-final-t
exmfdist/tex/latex/xkeyval/xkeyval.sty
Package: xkeyval 2022/06/16 v2.9 package option processing (HA)

(/nix/store/kyycrsgx7cs565ppsp2rhwgp9ifw1pb8-texlive-combined-full-2023-final-t
exmfdist/tex/generic/xkeyval/xkeyval.tex
(/nix/store/kyycrsgx7cs565ppsp2rhwgp9ifw1pb8-texlive-combined-full-2023-final-t
exmfdist/tex/generic/xkeyval/xkvutils.tex
\XKV@toks=\toks39
\XKV@tempa@toks=\toks40
)
\XKV@depth=\count327
File: xkeyval.tex 2014/12/03 v2.7a key=value parser (HA)
))
(/nix/store/kyycrsgx7cs565ppsp2rhwgp9ifw1pb8-texlive-combined-full-2023-final-t
exmfdist/tex/latex/adjustbox/adjcalc.sty
Package: adjcalc 2012/05/16 v1.1 Provides advanced setlength with multiple back
-ends (calc, etex, pgfmath)
)
(/nix/store/kyycrsgx7cs565ppsp2rhwgp9ifw1pb8-texlive-combined-full-2023-final-t
exmfdist/tex/latex/adjustbox/trimclip.sty
Package: trimclip 2020/08/19 v1.2 Trim and clip general TeX material

(/nix/store/kyycrsgx7cs565ppsp2rhwgp9ifw1pb8-texlive-combined-full-2023-final-t
exmfdist/tex/latex/collectbox/collectbox.sty
Package: collectbox 2022/10/17 v0.4c Collect macro arguments as boxes
\collectedbox=\box74
)
\tc@llx=\dimen268
\tc@lly=\dimen269
\tc@urx=\dimen270
\tc@ury=\dimen271
Package trimclip Info: Using driver 'tc-xetex.def'.

(/nix/store/kyycrsgx7cs565ppsp2rhwgp9ifw1pb8-texlive-combined-full-2023-final-t
exmfdist/tex/latex/adjustbox/tc-xetex.def
File: tc-xetex.def 2019/01/04 v2.2 Clipping driver for xetex
))
\adjbox@Width=\dimen272
\adjbox@Height=\dimen273
\adjbox@Depth=\dimen274
\adjbox@Totalheight=\dimen275
\adjbox@pwidth=\dimen276
\adjbox@pheight=\dimen277
\adjbox@pdepth=\dimen278
\adjbox@ptotalheight=\dimen279

(/nix/store/kyycrsgx7cs565ppsp2rhwgp9ifw1pb8-texlive-combined-full-2023-final-t
exmfdist/tex/latex/ifoddpage/ifoddpage.sty
Package: ifoddpage 2022/10/18 v1.2 Conditionals for odd/even page detection
\c@checkoddpage=\count328
)
(/nix/store/kyycrsgx7cs565ppsp2rhwgp9ifw1pb8-texlive-combined-full-2023-final-t
exmfdist/tex/latex/varwidth/varwidth.sty
Package: varwidth 2009/03/30 ver 0.92;  Variable-width minipages
\@vwid@box=\box75
\sift@deathcycles=\count329
\@vwid@loff=\dimen280
\@vwid@roff=\dimen281
))
(/nix/store/kyycrsgx7cs565ppsp2rhwgp9ifw1pb8-texlive-combined-full-2023-final-t
exmfdist/tex/latex/newunicodechar/newunicodechar.sty
Package: newunicodechar 2018/04/08 v1.2 Defining Unicode characters
)) (./NewCVPiva.aux)
\openout1 = `NewCVPiva.aux'.

LaTeX Font Info:    Checking defaults for OML/cmm/m/it on input line 19.
LaTeX Font Info:    ... okay on input line 19.
LaTeX Font Info:    Checking defaults for OMS/cmsy/m/n on input line 19.
LaTeX Font Info:    ... okay on input line 19.
LaTeX Font Info:    Checking defaults for OT1/cmr/m/n on input line 19.
LaTeX Font Info:    ... okay on input line 19.
LaTeX Font Info:    Checking defaults for T1/cmr/m/n on input line 19.
LaTeX Font Info:    ... okay on input line 19.
LaTeX Font Info:    Checking defaults for TS1/cmr/m/n on input line 19.
LaTeX Font Info:    ... okay on input line 19.
LaTeX Font Info:    Checking defaults for TU/lmr/m/n on input line 19.
LaTeX Font Info:    ... okay on input line 19.
LaTeX Font Info:    Checking defaults for OMX/cmex/m/n on input line 19.
LaTeX Font Info:    ... okay on input line 19.
LaTeX Font Info:    Checking defaults for U/cmr/m/n on input line 19.
LaTeX Font Info:    ... okay on input line 19.
LaTeX Font Info:    Checking defaults for PD1/pdf/m/n on input line 19.
LaTeX Font Info:    ... okay on input line 19.
LaTeX Font Info:    Checking defaults for PU/pdf/m/n on input line 19.
LaTeX Font Info:    ... okay on input line 19.

*geometry* driver: auto-detecting
*geometry* detected driver: xetex
*geometry* verbose mode - [ preamble ] result:
* driver: xetex
* paper: a4paper
* layout: <same size as paper>
* layoutoffset:(h,v)=(0.0pt,0.0pt)
* modes: 
* h-part:(L,W,R)=(42.67912pt, 512.14963pt, 42.67912pt)
* v-part:(T,H,B)=(19.91684pt, 805.21317pt, 19.91684pt)
* \paperwidth=597.50787pt
* \paperheight=845.04684pt
* \textwidth=512.14963pt
* \textheight=805.21317pt
* \oddsidemargin=-29.59087pt
* \evensidemargin=-29.59087pt
* \topmargin=-89.35315pt
* \headheight=12.0pt
* \headsep=25.0pt
* \topskip=11.0pt
* \footskip=14.22636pt
* \marginparwidth=50.0pt
* \marginparsep=10.0pt
* \columnsep=10.0pt
* \skip\footins=10.0pt plus 4.0pt minus 2.0pt
* \hoffset=0.0pt
* \voffset=0.0pt
* \mag=1000
* \@twocolumnfalse
* \@twosidefalse
* \@mparswitchfalse
* \@reversemarginfalse
* (1in=72.27pt=25.4mm, 1cm=28.453pt)

LaTeX Font Info:    Overwriting math alphabet `\mathrm' in version `normal'
(Font)                  OT1/cmr/m/n --> TU/lmr/m/n on input line 19.
LaTeX Font Info:    Overwriting math alphabet `\mathit' in version `normal'
(Font)                  OT1/cmr/m/it --> TU/lmr/m/it on input line 19.
LaTeX Font Info:    Overwriting math alphabet `\mathbf' in version `normal'
(Font)                  OT1/cmr/bx/n --> TU/lmr/bx/n on input line 19.
LaTeX Font Info:    Overwriting math alphabet `\mathsf' in version `normal'
(Font)                  OT1/cmss/m/n --> TU/lmss/m/n on input line 19.
LaTeX Font Info:    Overwriting math alphabet `\mathsf' in version `bold'
(Font)                  OT1/cmss/bx/n --> TU/lmss/bx/n on input line 19.
LaTeX Font Info:    Overwriting math alphabet `\mathtt' in version `normal'
(Font)                  OT1/cmtt/m/n --> TU/lmtt/m/n on input line 19.
LaTeX Font Info:    Overwriting math alphabet `\mathtt' in version `bold'
(Font)                  OT1/cmtt/m/n --> TU/lmtt/bx/n on input line 19.
LaTeX Font Info:    Encoding `OT1' has changed to `TU' for symbol font
(Font)              `operators' in the math version `normal' on input line 19.
LaTeX Font Info:    Overwriting symbol font `operators' in version `normal'
(Font)                  OT1/cmr/m/n --> TU/latinmodern-math.otf(1)/m/n on input
 line 19.
LaTeX Font Info:    Encoding `OT1' has changed to `TU' for symbol font
(Font)              `operators' in the math version `bold' on input line 19.
LaTeX Font Info:    Overwriting symbol font `operators' in version `bold'
(Font)                  OT1/cmr/bx/n --> TU/latinmodern-math.otf(1)/b/n on inpu
t line 19.
LaTeX Font Info:    Encoding `OMS' has changed to `TU' for symbol font
(Font)              `symbols' in the math version `normal' on input line 19.
LaTeX Font Info:    Overwriting symbol font `symbols' in version `normal'
(Font)                  OMS/cmsy/m/n --> TU/latinmodern-math.otf(2)/m/n on inpu
t line 19.
LaTeX Font Info:    Encoding `OMS' has changed to `TU' for symbol font
(Font)              `symbols' in the math version `bold' on input line 19.
LaTeX Font Info:    Overwriting symbol font `symbols' in version `bold'
(Font)                  OMS/cmsy/b/n --> TU/latinmodern-math.otf(2)/b/n on inpu
t line 19.
LaTeX Font Info:    Encoding `OMX' has changed to `TU' for symbol font
(Font)              `largesymbols' in the math version `normal' on input line 1
9.
LaTeX Font Info:    Overwriting symbol font `largesymbols' in version `normal'
(Font)                  OMX/cmex/m/n --> TU/latinmodern-math.otf(3)/m/n on inpu
t line 19.
LaTeX Font Info:    Encoding `OMX' has changed to `TU' for symbol font
(Font)              `largesymbols' in the math version `bold' on input line 19.

LaTeX Font Info:    Overwriting symbol font `largesymbols' in version `bold'
(Font)                  OMX/cmex/m/n --> TU/latinmodern-math.otf(3)/b/n on inpu
t line 19.
Package hyperref Info: Link coloring OFF on input line 19.
(./NewCVPiva.out) (./NewCVPiva.out)
\@outlinefile=\write4
\openout4 = `NewCVPiva.out'.

File: coloremoji/apple/1f30d.png Graphic file (type bmp)
<coloremoji/apple/1f30d.png>
File: coloremoji/apple/1f4a1.png Graphic file (type bmp)
<coloremoji/apple/1f4a1.png>

Underfull \hbox (badness 10000) in paragraph at lines 25--32

 []


Underfull \hbox (badness 10000) in paragraph at lines 33--43

 []

File: coloremoji/apple/1f4cb.png Graphic file (type bmp)
<coloremoji/apple/1f4cb.png>
LaTeX Font Info:    Font shape `TU/latinmodern-math.otf(2)/m/n' will be
(Font)              scaled to size 10.95116pt on input line 57.
LaTeX Font Info:    Font shape `TU/latinmodern-math.otf(2)/m/n' will be
(Font)              scaled to size 7.6658pt on input line 57.
LaTeX Font Info:    Font shape `TU/latinmodern-math.otf(2)/m/n' will be
(Font)              scaled to size 5.47559pt on input line 57.
LaTeX Font Info:    Font shape `TU/latinmodern-math.otf(3)/m/n' will be
(Font)              scaled to size 10.94882pt on input line 57.
LaTeX Font Info:    Font shape `TU/latinmodern-math.otf(3)/m/n' will be
(Font)              scaled to size 7.66417pt on input line 57.
LaTeX Font Info:    Font shape `TU/latinmodern-math.otf(3)/m/n' will be
(Font)              scaled to size 5.47441pt on input line 57.
File: coloremoji/apple/1f454.png Graphic file (type bmp)
<coloremoji/apple/1f454.png>
File: coloremoji/apple/1f9d1200d1f4bb.png Graphic file (type bmp)
<coloremoji/apple/1f9d1200d1f4bb.png>
LaTeX Font Info:    Font shape `TU/SourceSansPro(2)/m/sl' in size <9> not avail
able
(Font)              Font shape `TU/SourceSansPro(2)/m/it' tried instead on inpu
t line 98.
File: coloremoji/apple/1f4cd.png Graphic file (type bmp)
<coloremoji/apple/1f4cd.png>
File: coloremoji/apple/1f3e2.png Graphic file (type bmp)
<coloremoji/apple/1f3e2.png>
LaTeX Font Info:    Font shape `TU/SourceSansPro(2)/m/sl' in size <8> not avail
able
(Font)              Font shape `TU/SourceSansPro(2)/m/it' tried instead on inpu
t line 98.
File: coloremoji/apple/1f4c6.png Graphic file (type bmp)
<coloremoji/apple/1f4c6.png>
File: coloremoji/apple/1f3af.png Graphic file (type bmp)
<coloremoji/apple/1f3af.png>
File: coloremoji/apple/1f3af.png Graphic file (type bmp)
<coloremoji/apple/1f3af.png>
File: coloremoji/apple/1f9d1200d1f4bb.png Graphic file (type bmp)
<coloremoji/apple/1f9d1200d1f4bb.png>
File: coloremoji/apple/1f4cd.png Graphic file (type bmp)
<coloremoji/apple/1f4cd.png>
File: coloremoji/apple/1f3e2.png Graphic file (type bmp)
<coloremoji/apple/1f3e2.png>
File: coloremoji/apple/1f4c6.png Graphic file (type bmp)
<coloremoji/apple/1f4c6.png>

Underfull \hbox (badness 10000) in paragraph at lines 132--132

 []

File: coloremoji/apple/1f3af.png Graphic file (type bmp)
<coloremoji/apple/1f3af.png>
LaTeX Font Info:    Font shape `TU/latinmodern-math.otf(2)/m/n' will be
(Font)              scaled to size 9.00096pt on input line 132.
LaTeX Font Info:    Font shape `TU/latinmodern-math.otf(2)/m/n' will be
(Font)              scaled to size 6.00064pt on input line 132.
LaTeX Font Info:    Font shape `TU/latinmodern-math.otf(2)/m/n' will be
(Font)              scaled to size 5.00053pt on input line 132.
LaTeX Font Info:    Font shape `TU/latinmodern-math.otf(3)/m/n' will be
(Font)              scaled to size 8.99904pt on input line 132.
LaTeX Font Info:    Font shape `TU/latinmodern-math.otf(3)/m/n' will be
(Font)              scaled to size 5.99936pt on input line 132.
LaTeX Font Info:    Font shape `TU/latinmodern-math.otf(3)/m/n' will be
(Font)              scaled to size 4.99947pt on input line 132.
File: coloremoji/apple/1f3af.png Graphic file (type bmp)
<coloremoji/apple/1f3af.png>
File: coloremoji/apple/1f3af.png Graphic file (type bmp)
<coloremoji/apple/1f3af.png>

Overfull \hbox (14.63998pt too wide) in paragraph at lines 132--132
[][][][][][]
 []


Overfull \hbox (14.63998pt too wide) in paragraph at lines 132--132
[][][][][][]
 []


Overfull \hbox (14.63998pt too wide) in paragraph at lines 132--132
[][][][][][] 
 []

File: coloremoji/apple/1f9d1200d1f4bb.png Graphic file (type bmp)
<coloremoji/apple/1f9d1200d1f4bb.png>
File: coloremoji/apple/1f4cd.png Graphic file (type bmp)
<coloremoji/apple/1f4cd.png>
File: coloremoji/apple/1f3e2.png Graphic file (type bmp)
<coloremoji/apple/1f3e2.png>
File: coloremoji/apple/1f4c6.png Graphic file (type bmp)
<coloremoji/apple/1f4c6.png>

Underfull \hbox (badness 10000) in paragraph at lines 155--155

 []

File: coloremoji/apple/1f3af.png Graphic file (type bmp)
<coloremoji/apple/1f3af.png>
File: coloremoji/apple/1f3af.png Graphic file (type bmp)
<coloremoji/apple/1f3af.png>

Overfull \hbox (14.63998pt too wide) in paragraph at lines 155--155
[][][][][][]
 []


Overfull \hbox (14.63998pt too wide) in paragraph at lines 155--155
[][][][][][] 
 []

File: coloremoji/apple/1f9d1200d1f4bb.png Graphic file (type bmp)
<coloremoji/apple/1f9d1200d1f4bb.png>
File: coloremoji/apple/1f4cd.png Graphic file (type bmp)
<coloremoji/apple/1f4cd.png>
File: coloremoji/apple/1f3e2.png Graphic file (type bmp)
<coloremoji/apple/1f3e2.png>
File: coloremoji/apple/1f4c6.png Graphic file (type bmp)
<coloremoji/apple/1f4c6.png>

Underfull \hbox (badness 10000) in paragraph at lines 194--194

 []

File: coloremoji/apple/1f3af.png Graphic file (type bmp)
<coloremoji/apple/1f3af.png>
File: coloremoji/apple/1f3af.png Graphic file (type bmp)
<coloremoji/apple/1f3af.png>
File: coloremoji/apple/1f3af.png Graphic file (type bmp)
<coloremoji/apple/1f3af.png>
File: coloremoji/apple/1f3af.png Graphic file (type bmp)
<coloremoji/apple/1f3af.png>

Overfull \hbox (14.63998pt too wide) in paragraph at lines 194--194
[][][][][][]
 []


Overfull \hbox (14.63998pt too wide) in paragraph at lines 194--194
[][][][][][]
 []


Overfull \hbox (14.63998pt too wide) in paragraph at lines 194--194
[][][][][][]
 []


Overfull \hbox (14.63998pt too wide) in paragraph at lines 194--194
[][][][][][] 
 []

[1

]
File: coloremoji/apple/1f9d1200d1f4bb.png Graphic file (type bmp)
<coloremoji/apple/1f9d1200d1f4bb.png>
File: coloremoji/apple/1f4cd.png Graphic file (type bmp)
<coloremoji/apple/1f4cd.png>
File: coloremoji/apple/1f3e2.png Graphic file (type bmp)
<coloremoji/apple/1f3e2.png>
File: coloremoji/apple/1f4c6.png Graphic file (type bmp)
<coloremoji/apple/1f4c6.png>

Underfull \hbox (badness 10000) in paragraph at lines 213--213

 []

File: coloremoji/apple/1f3af.png Graphic file (type bmp)
<coloremoji/apple/1f3af.png>

Overfull \hbox (14.63998pt too wide) in paragraph at lines 213--213
[][][][][][] 
 []

File: coloremoji/apple/1f9d1200d1f4bb.png Graphic file (type bmp)
<coloremoji/apple/1f9d1200d1f4bb.png>
File: coloremoji/apple/1f4cd.png Graphic file (type bmp)
<coloremoji/apple/1f4cd.png>
File: coloremoji/apple/1f3e2.png Graphic file (type bmp)
<coloremoji/apple/1f3e2.png>
File: coloremoji/apple/1f4c6.png Graphic file (type bmp)
<coloremoji/apple/1f4c6.png>

Underfull \hbox (badness 10000) in paragraph at lines 232--232

 []

File: coloremoji/apple/1f3af.png Graphic file (type bmp)
<coloremoji/apple/1f3af.png>

Overfull \hbox (14.63998pt too wide) in paragraph at lines 232--232
[][][][][][] 
 []

File: coloremoji/apple/1f9d1200d1f4bb.png Graphic file (type bmp)
<coloremoji/apple/1f9d1200d1f4bb.png>
File: coloremoji/apple/1f4cd.png Graphic file (type bmp)
<coloremoji/apple/1f4cd.png>
File: coloremoji/apple/1f3e2.png Graphic file (type bmp)
<coloremoji/apple/1f3e2.png>
File: coloremoji/apple/1f4c6.png Graphic file (type bmp)
<coloremoji/apple/1f4c6.png>

Underfull \hbox (badness 10000) in paragraph at lines 253--253

 []

File: coloremoji/apple/1f3af.png Graphic file (type bmp)
<coloremoji/apple/1f3af.png>
File: coloremoji/apple/1f9d1200d1f393.png Graphic file (type bmp)
<coloremoji/apple/1f9d1200d1f393.png>

Overfull \hbox (1.77362pt too wide) in alignment at lines 261--276
[] [] [] 
 []

File: coloremoji/apple/1f3c5.png Graphic file (type bmp)
<coloremoji/apple/1f3c5.png>
[2] (./NewCVPiva.aux)
 ***********
LaTeX2e <2023-11-01> patch level 1
L3 programming layer <2024-02-20>
 ***********
Package rerunfilecheck Info: File `NewCVPiva.out' has not changed.
(rerunfilecheck)             Checksum: D41D8CD98F00B204E9800998ECF8427E;0.
 ) 
Here is how much of TeX's memory you used:
 29584 strings out of 474773
 598838 string characters out of 5734578
 1963839 words of memory out of 5000000
 51231 multiletter control sequences out of 15000+600000
 561995 words of font info for 115 fonts, out of 8000000 for 9000
 1348 hyphenation exceptions out of 8191
 116i,14n,121p,580b,691s stack positions out of 10000i,1000n,20000p,200000b,200000s

Output written on NewCVPiva.pdf (2 pages).
